1596999310533	geckodriver	INFO	Listening on 127.0.0.1:54233
1596999310605	mozrunner::runner	INFO	Running command: "/Applications/Firefox.app/Contents/MacOS/firefox-bin" "--marionette" "-headless" "-foreground" "-no-remote" "-profile" "/var/folders/cx/trrz9mdd5tn4r0kk37p38pj80000gn/T/rust_mozprofilexp5Wyk"
*** You are running in headless mode.
console.error: SearchCache: "_readCacheFile: Error reading cache file:" (new Error("", "(unknown module)"))
1596999314436	Marionette	INFO	Listening on port 54240
1596999314661	Marionette	WARN	TLS certificate errors will be ignored for this session
JavaScript warning: https://roobet.com/app.c6a0f5e771cd766177b8.bundle.js, line 1: WebGL warning: <Create>: Can't use WebGL in headless mode (https://bugzil.la/1375585).
JavaScript warning: https://roobet.com/app.c6a0f5e771cd766177b8.bundle.js, line 1: Failed to create WebGL context: WebGL creation failed: 
* Can't use WebGL in headless mode (https://bugzil.la/1375585).
JavaScript warning: https://roobet.com/app.c6a0f5e771cd766177b8.bundle.js, line 1: WebGL warning: <Create>: Can't use WebGL in headless mode (https://bugzil.la/1375585).
JavaScript warning: https://roobet.com/app.c6a0f5e771cd766177b8.bundle.js, line 1: Failed to create WebGL context: WebGL creation failed: 
* Can't use WebGL in headless mode (https://bugzil.la/1375585).
JavaScript warning: https://roobet.com/vendors.f9476e7c492c88358ed7.bundle.js, line 2: WebGL warning: <Create>: Can't use WebGL in headless mode (https://bugzil.la/1375585).
JavaScript warning: https://roobet.com/vendors.f9476e7c492c88358ed7.bundle.js, line 2: Failed to create WebGL context: WebGL creation failed: 
* Can't use WebGL in headless mode (https://bugzil.la/1375585).
JavaScript warning: https://roobet.com/vendors.f9476e7c492c88358ed7.bundle.js, line 2: WebGL warning: <Create>: Can't use WebGL in headless mode (https://bugzil.la/1375585).
JavaScript warning: https://roobet.com/vendors.f9476e7c492c88358ed7.bundle.js, line 2: Failed to create WebGL context: WebGL creation failed: 
* Can't use WebGL in headless mode (https://bugzil.la/1375585).
JavaScript error: resource://gre/modules/XULStore.jsm, line 66: Error: Can't find profile directory.
JavaScript error: resource://gre/modules/XULStore.jsm, line 66: Error: Can't find profile directory.
JavaScript warning: https://roobet.com/vendors.f9476e7c492c88358ed7.bundle.js, line 2: WebGL warning: <Create>: Can't use WebGL in headless mode (https://bugzil.la/1375585).
JavaScript warning: https://roobet.com/vendors.f9476e7c492c88358ed7.bundle.js, line 2: Failed to create WebGL context: WebGL creation failed: 
* Can't use WebGL in headless mode (https://bugzil.la/1375585).
JavaScript warning: https://roobet.com/vendors.f9476e7c492c88358ed7.bundle.js, line 2: WebGL warning: <Create>: Can't use WebGL in headless mode (https://bugzil.la/1375585).
JavaScript warning: https://roobet.com/vendors.f9476e7c492c88358ed7.bundle.js, line 2: Failed to create WebGL context: WebGL creation failed: 
* Can't use WebGL in headless mode (https://bugzil.la/1375585).
JavaScript warning: https://roobet.com/vendors.f9476e7c492c88358ed7.bundle.js, line 2: WebGL warning: <Create>: Can't use WebGL in headless mode (https://bugzil.la/1375585).
JavaScript warning: https://roobet.com/vendors.f9476e7c492c88358ed7.bundle.js, line 2: Failed to create WebGL context: WebGL creation failed: 
* Can't use WebGL in headless mode (https://bugzil.la/1375585).
1596999460854	geckodriver	INFO	Listening on 127.0.0.1:55001
1596999461882	mozrunner::runner	INFO	Running command: "/Applications/Firefox.app/Contents/MacOS/firefox-bin" "--marionette" "-headless" "-foreground" "-no-remote" "-profile" "/var/folders/cx/trrz9mdd5tn4r0kk37p38pj80000gn/T/rust_mozprofileeM7dcP"
*** You are running in headless mode.
console.error: SearchCache: "_readCacheFile: Error reading cache file:" (new Error("", "(unknown module)"))
1596999465453	Marionette	INFO	Listening on port 55012
1596999465496	Marionette	WARN	TLS certificate errors will be ignored for this session
JavaScript warning: https://roobet.com/app.c6a0f5e771cd766177b8.bundle.js, line 1: WebGL warning: <Create>: Can't use WebGL in headless mode (https://bugzil.la/1375585).
JavaScript warning: https://roobet.com/app.c6a0f5e771cd766177b8.bundle.js, line 1: Failed to create WebGL context: WebGL creation failed: 
* Can't use WebGL in headless mode (https://bugzil.la/1375585).
JavaScript warning: https://roobet.com/app.c6a0f5e771cd766177b8.bundle.js, line 1: WebGL warning: <Create>: Can't use WebGL in headless mode (https://bugzil.la/1375585).
JavaScript warning: https://roobet.com/app.c6a0f5e771cd766177b8.bundle.js, line 1: Failed to create WebGL context: WebGL creation failed: 
* Can't use WebGL in headless mode (https://bugzil.la/1375585).
JavaScript warning: https://roobet.com/vendors.f9476e7c492c88358ed7.bundle.js, line 2: WebGL warning: <Create>: Can't use WebGL in headless mode (https://bugzil.la/1375585).
JavaScript warning: https://roobet.com/vendors.f9476e7c492c88358ed7.bundle.js, line 2: Failed to create WebGL context: WebGL creation failed: 
* Can't use WebGL in headless mode (https://bugzil.la/1375585).
JavaScript warning: https://roobet.com/vendors.f9476e7c492c88358ed7.bundle.js, line 2: WebGL warning: <Create>: Can't use WebGL in headless mode (https://bugzil.la/1375585).
JavaScript warning: https://roobet.com/vendors.f9476e7c492c88358ed7.bundle.js, line 2: Failed to create WebGL context: WebGL creation failed: 
* Can't use WebGL in headless mode (https://bugzil.la/1375585).
JavaScript error: resource://gre/modules/XULStore.jsm, line 66: Error: Can't find profile directory.
JavaScript error: resource://gre/modules/XULStore.jsm, line 66: Error: Can't find profile directory.
JavaScript warning: https://roobet.com/vendors.f9476e7c492c88358ed7.bundle.js, line 2: WebGL warning: <Create>: Can't use WebGL in headless mode (https://bugzil.la/1375585).
JavaScript warning: https://roobet.com/vendors.f9476e7c492c88358ed7.bundle.js, line 2: Failed to create WebGL context: WebGL creation failed: 
* Can't use WebGL in headless mode (https://bugzil.la/1375585).
JavaScript warning: https://roobet.com/vendors.f9476e7c492c88358ed7.bundle.js, line 2: WebGL warning: <Create>: Can't use WebGL in headless mode (https://bugzil.la/1375585).
JavaScript warning: https://roobet.com/vendors.f9476e7c492c88358ed7.bundle.js, line 2: Failed to create WebGL context: WebGL creation failed: 
* Can't use WebGL in headless mode (https://bugzil.la/1375585).
JavaScript warning: https://roobet.com/vendors.f9476e7c492c88358ed7.bundle.js, line 2: WebGL warning: <Create>: Can't use WebGL in headless mode (https://bugzil.la/1375585).
JavaScript warning: https://roobet.com/vendors.f9476e7c492c88358ed7.bundle.js, line 2: Failed to create WebGL context: WebGL creation failed: 
* Can't use WebGL in headless mode (https://bugzil.la/1375585).
1597000320699	geckodriver	INFO	Listening on 127.0.0.1:58848
1597000321708	mozrunner::runner	INFO	Running command: "/Applications/Firefox.app/Contents/MacOS/firefox-bin" "--marionette" "-headless" "-foreground" "-no-remote" "-profile" "/var/folders/cx/trrz9mdd5tn4r0kk37p38pj80000gn/T/rust_mozprofile80PN0W"
*** You are running in headless mode.
console.error: SearchCache: "_readCacheFile: Error reading cache file:" (new Error("", "(unknown module)"))
1597000328568	Marionette	INFO	Listening on port 58860
1597000328671	Marionette	WARN	TLS certificate errors will be ignored for this session
JavaScript warning: https://roobet.com/app.c6a0f5e771cd766177b8.bundle.js, line 1: WebGL warning: <Create>: Can't use WebGL in headless mode (https://bugzil.la/1375585).
JavaScript warning: https://roobet.com/app.c6a0f5e771cd766177b8.bundle.js, line 1: Failed to create WebGL context: WebGL creation failed: 
* Can't use WebGL in headless mode (https://bugzil.la/1375585).
JavaScript warning: https://roobet.com/app.c6a0f5e771cd766177b8.bundle.js, line 1: WebGL warning: <Create>: Can't use WebGL in headless mode (https://bugzil.la/1375585).
JavaScript warning: https://roobet.com/app.c6a0f5e771cd766177b8.bundle.js, line 1: Failed to create WebGL context: WebGL creation failed: 
* Can't use WebGL in headless mode (https://bugzil.la/1375585).
JavaScript warning: https://roobet.com/vendors.f9476e7c492c88358ed7.bundle.js, line 2: WebGL warning: <Create>: Can't use WebGL in headless mode (https://bugzil.la/1375585).
JavaScript warning: https://roobet.com/vendors.f9476e7c492c88358ed7.bundle.js, line 2: Failed to create WebGL context: WebGL creation failed: 
* Can't use WebGL in headless mode (https://bugzil.la/1375585).
JavaScript warning: https://roobet.com/vendors.f9476e7c492c88358ed7.bundle.js, line 2: WebGL warning: <Create>: Can't use WebGL in headless mode (https://bugzil.la/1375585).
JavaScript warning: https://roobet.com/vendors.f9476e7c492c88358ed7.bundle.js, line 2: Failed to create WebGL context: WebGL creation failed: 
* Can't use WebGL in headless mode (https://bugzil.la/1375585).
JavaScript error: resource://gre/modules/XULStore.jsm, line 66: Error: Can't find profile directory.
JavaScript error: resource://gre/modules/XULStore.jsm, line 66: Error: Can't find profile directory.
JavaScript warning: https://roobet.com/vendors.f9476e7c492c88358ed7.bundle.js, line 2: WebGL warning: <Create>: Can't use WebGL in headless mode (https://bugzil.la/1375585).
JavaScript warning: https://roobet.com/vendors.f9476e7c492c88358ed7.bundle.js, line 2: Failed to create WebGL context: WebGL creation failed: 
* Can't use WebGL in headless mode (https://bugzil.la/1375585).
JavaScript warning: https://roobet.com/vendors.f9476e7c492c88358ed7.bundle.js, line 2: WebGL warning: <Create>: Can't use WebGL in headless mode (https://bugzil.la/1375585).
JavaScript warning: https://roobet.com/vendors.f9476e7c492c88358ed7.bundle.js, line 2: Failed to create WebGL context: WebGL creation failed: 
* Can't use WebGL in headless mode (https://bugzil.la/1375585).
JavaScript warning: https://roobet.com/vendors.f9476e7c492c88358ed7.bundle.js, line 2: WebGL warning: <Create>: Can't use WebGL in headless mode (https://bugzil.la/1375585).
JavaScript warning: https://roobet.com/vendors.f9476e7c492c88358ed7.bundle.js, line 2: Failed to create WebGL context: WebGL creation failed: 
* Can't use WebGL in headless mode (https://bugzil.la/1375585).
1597000528885	geckodriver	INFO	Listening on 127.0.0.1:60100
1597000529908	mozrunner::runner	INFO	Running command: "/Applications/Firefox.app/Contents/MacOS/firefox-bin" "--marionette" "-headless" "-foreground" "-no-remote" "-profile" "/var/folders/cx/trrz9mdd5tn4r0kk37p38pj80000gn/T/rust_mozprofileqvWPTs"
*** You are running in headless mode.
console.error: SearchCache: "_readCacheFile: Error reading cache file:" (new Error("", "(unknown module)"))
1597000540826	Marionette	INFO	Listening on port 60111
1597000541143	Marionette	WARN	TLS certificate errors will be ignored for this session
JavaScript warning: https://roobet.com/app.c6a0f5e771cd766177b8.bundle.js, line 1: WebGL warning: <Create>: Can't use WebGL in headless mode (https://bugzil.la/1375585).
JavaScript warning: https://roobet.com/app.c6a0f5e771cd766177b8.bundle.js, line 1: Failed to create WebGL context: WebGL creation failed: 
* Can't use WebGL in headless mode (https://bugzil.la/1375585).
JavaScript warning: https://roobet.com/app.c6a0f5e771cd766177b8.bundle.js, line 1: WebGL warning: <Create>: Can't use WebGL in headless mode (https://bugzil.la/1375585).
JavaScript warning: https://roobet.com/app.c6a0f5e771cd766177b8.bundle.js, line 1: Failed to create WebGL context: WebGL creation failed: 
* Can't use WebGL in headless mode (https://bugzil.la/1375585).
JavaScript warning: https://roobet.com/vendors.f9476e7c492c88358ed7.bundle.js, line 2: WebGL warning: <Create>: Can't use WebGL in headless mode (https://bugzil.la/1375585).
JavaScript warning: https://roobet.com/vendors.f9476e7c492c88358ed7.bundle.js, line 2: Failed to create WebGL context: WebGL creation failed: 
* Can't use WebGL in headless mode (https://bugzil.la/1375585).
JavaScript warning: https://roobet.com/vendors.f9476e7c492c88358ed7.bundle.js, line 2: WebGL warning: <Create>: Can't use WebGL in headless mode (https://bugzil.la/1375585).
JavaScript warning: https://roobet.com/vendors.f9476e7c492c88358ed7.bundle.js, line 2: Failed to create WebGL context: WebGL creation failed: 
* Can't use WebGL in headless mode (https://bugzil.la/1375585).
JavaScript error: resource://gre/modules/XULStore.jsm, line 66: Error: Can't find profile directory.
JavaScript error: resource://gre/modules/XULStore.jsm, line 66: Error: Can't find profile directory.
JavaScript warning: https://roobet.com/vendors.f9476e7c492c88358ed7.bundle.js, line 2: WebGL warning: <Create>: Can't use WebGL in headless mode (https://bugzil.la/1375585).
JavaScript warning: https://roobet.com/vendors.f9476e7c492c88358ed7.bundle.js, line 2: Failed to create WebGL context: WebGL creation failed: 
* Can't use WebGL in headless mode (https://bugzil.la/1375585).
JavaScript warning: https://roobet.com/vendors.f9476e7c492c88358ed7.bundle.js, line 2: WebGL warning: <Create>: Can't use WebGL in headless mode (https://bugzil.la/1375585).
JavaScript warning: https://roobet.com/vendors.f9476e7c492c88358ed7.bundle.js, line 2: Failed to create WebGL context: WebGL creation failed: 
* Can't use WebGL in headless mode (https://bugzil.la/1375585).
JavaScript warning: https://roobet.com/vendors.f9476e7c492c88358ed7.bundle.js, line 2: WebGL warning: <Create>: Can't use WebGL in headless mode (https://bugzil.la/1375585).
JavaScript warning: https://roobet.com/vendors.f9476e7c492c88358ed7.bundle.js, line 2: Failed to create WebGL context: WebGL creation failed: 
* Can't use WebGL in headless mode (https://bugzil.la/1375585).
[GFX1]: [Tiling:Client] Failed to allocate a TextureClient
[GFX1]: [Tiling:Client] Failed to allocate a TextureClient
Exiting due to channel error.
Exiting due to channel error.
[GFX1-]: Receive IPC close with reason=AbnormalShutdown
Exiting due to channel error.
[GFX1-]: Receive IPC close with reason=AbnormalShutdown
Exiting due to channel error.
Exiting due to channel error.
[GFX1-]: Receive IPC close with reason=AbnormalShutdown
Exiting due to channel error.
Exiting due to channel error.
Exiting due to channel error.
Exiting due to channel error.
Exiting due to channel error.
Exiting due to channel error.
[GFX1-]: Receive IPC close with reason=AbnormalShutdown
Exiting due to channel error.
1597001899405	geckodriver	INFO	Listening on 127.0.0.1:49781
1597001899469	mozrunner::runner	INFO	Running command: "/Applications/Firefox.app/Contents/MacOS/firefox-bin" "--marionette" "-headless" "-foreground" "-no-remote" "-profile" "/var/folders/cx/trrz9mdd5tn4r0kk37p38pj80000gn/T/rust_mozprofilen9Ledo"
*** You are running in headless mode.
console.error: SearchCache: "_readCacheFile: Error reading cache file:" (new Error("", "(unknown module)"))
1597001902486	Marionette	INFO	Listening on port 49792
1597001902578	Marionette	WARN	TLS certificate errors will be ignored for this session
JavaScript warning: https://roobet.com/app.c6a0f5e771cd766177b8.bundle.js, line 1: WebGL warning: <Create>: Can't use WebGL in headless mode (https://bugzil.la/1375585).
JavaScript warning: https://roobet.com/app.c6a0f5e771cd766177b8.bundle.js, line 1: Failed to create WebGL context: WebGL creation failed: 
* Can't use WebGL in headless mode (https://bugzil.la/1375585).
JavaScript warning: https://roobet.com/app.c6a0f5e771cd766177b8.bundle.js, line 1: WebGL warning: <Create>: Can't use WebGL in headless mode (https://bugzil.la/1375585).
JavaScript warning: https://roobet.com/app.c6a0f5e771cd766177b8.bundle.js, line 1: Failed to create WebGL context: WebGL creation failed: 
* Can't use WebGL in headless mode (https://bugzil.la/1375585).
JavaScript warning: https://roobet.com/vendors.f9476e7c492c88358ed7.bundle.js, line 2: WebGL warning: <Create>: Can't use WebGL in headless mode (https://bugzil.la/1375585).
JavaScript warning: https://roobet.com/vendors.f9476e7c492c88358ed7.bundle.js, line 2: Failed to create WebGL context: WebGL creation failed: 
* Can't use WebGL in headless mode (https://bugzil.la/1375585).
JavaScript warning: https://roobet.com/vendors.f9476e7c492c88358ed7.bundle.js, line 2: WebGL warning: <Create>: Can't use WebGL in headless mode (https://bugzil.la/1375585).
JavaScript warning: https://roobet.com/vendors.f9476e7c492c88358ed7.bundle.js, line 2: Failed to create WebGL context: WebGL creation failed: 
* Can't use WebGL in headless mode (https://bugzil.la/1375585).
JavaScript error: resource://gre/modules/XULStore.jsm, line 66: Error: Can't find profile directory.
JavaScript error: resource://gre/modules/XULStore.jsm, line 66: Error: Can't find profile directory.
JavaScript warning: https://roobet.com/vendors.f9476e7c492c88358ed7.bundle.js, line 2: WebGL warning: <Create>: Can't use WebGL in headless mode (https://bugzil.la/1375585).
JavaScript warning: https://roobet.com/vendors.f9476e7c492c88358ed7.bundle.js, line 2: Failed to create WebGL context: WebGL creation failed: 
* Can't use WebGL in headless mode (https://bugzil.la/1375585).
JavaScript warning: https://roobet.com/vendors.f9476e7c492c88358ed7.bundle.js, line 2: WebGL warning: <Create>: Can't use WebGL in headless mode (https://bugzil.la/1375585).
JavaScript warning: https://roobet.com/vendors.f9476e7c492c88358ed7.bundle.js, line 2: Failed to create WebGL context: WebGL creation failed: 
* Can't use WebGL in headless mode (https://bugzil.la/1375585).
JavaScript warning: https://roobet.com/vendors.f9476e7c492c88358ed7.bundle.js, line 2: WebGL warning: <Create>: Can't use WebGL in headless mode (https://bugzil.la/1375585).
JavaScript warning: https://roobet.com/vendors.f9476e7c492c88358ed7.bundle.js, line 2: Failed to create WebGL context: WebGL creation failed: 
* Can't use WebGL in headless mode (https://bugzil.la/1375585).
1597001930209	geckodriver	INFO	Listening on 127.0.0.1:49899
1597001931224	mozrunner::runner	INFO	Running command: "/Applications/Firefox.app/Contents/MacOS/firefox-bin" "--marionette" "-headless" "-foreground" "-no-remote" "-profile" "/var/folders/cx/trrz9mdd5tn4r0kk37p38pj80000gn/T/rust_mozprofileSEnpAj"
*** You are running in headless mode.
console.error: SearchCache: "_readCacheFile: Error reading cache file:" (new Error("", "(unknown module)"))
1597001935449	Marionette	INFO	Listening on port 49910
1597001935591	Marionette	WARN	TLS certificate errors will be ignored for this session
1597001936281	Marionette	INFO	Stopped listening on port 49910
1597002020627	geckodriver	INFO	Listening on 127.0.0.1:50134
1597002021651	mozrunner::runner	INFO	Running command: "/Applications/Firefox.app/Contents/MacOS/firefox-bin" "--marionette" "-headless" "-foreground" "-no-remote" "-profile" "/var/folders/cx/trrz9mdd5tn4r0kk37p38pj80000gn/T/rust_mozprofile5o2H3j"
*** You are running in headless mode.
console.error: SearchCache: "_readCacheFile: Error reading cache file:" (new Error("", "(unknown module)"))
1597002025100	Marionette	INFO	Listening on port 50145
1597002025165	Marionette	WARN	TLS certificate errors will be ignored for this session
JavaScript warning: https://roobet.com/app.c6a0f5e771cd766177b8.bundle.js, line 1: WebGL warning: <Create>: Can't use WebGL in headless mode (https://bugzil.la/1375585).
JavaScript warning: https://roobet.com/app.c6a0f5e771cd766177b8.bundle.js, line 1: Failed to create WebGL context: WebGL creation failed: 
* Can't use WebGL in headless mode (https://bugzil.la/1375585).
JavaScript warning: https://roobet.com/app.c6a0f5e771cd766177b8.bundle.js, line 1: WebGL warning: <Create>: Can't use WebGL in headless mode (https://bugzil.la/1375585).
JavaScript warning: https://roobet.com/app.c6a0f5e771cd766177b8.bundle.js, line 1: Failed to create WebGL context: WebGL creation failed: 
* Can't use WebGL in headless mode (https://bugzil.la/1375585).
JavaScript warning: https://roobet.com/vendors.f9476e7c492c88358ed7.bundle.js, line 2: WebGL warning: <Create>: Can't use WebGL in headless mode (https://bugzil.la/1375585).
JavaScript warning: https://roobet.com/vendors.f9476e7c492c88358ed7.bundle.js, line 2: Failed to create WebGL context: WebGL creation failed: 
* Can't use WebGL in headless mode (https://bugzil.la/1375585).
JavaScript warning: https://roobet.com/vendors.f9476e7c492c88358ed7.bundle.js, line 2: WebGL warning: <Create>: Can't use WebGL in headless mode (https://bugzil.la/1375585).
JavaScript warning: https://roobet.com/vendors.f9476e7c492c88358ed7.bundle.js, line 2: Failed to create WebGL context: WebGL creation failed: 
* Can't use WebGL in headless mode (https://bugzil.la/1375585).
JavaScript error: resource://gre/modules/XULStore.jsm, line 66: Error: Can't find profile directory.
JavaScript error: resource://gre/modules/XULStore.jsm, line 66: Error: Can't find profile directory.
JavaScript warning: https://roobet.com/vendors.f9476e7c492c88358ed7.bundle.js, line 2: WebGL warning: <Create>: Can't use WebGL in headless mode (https://bugzil.la/1375585).
JavaScript warning: https://roobet.com/vendors.f9476e7c492c88358ed7.bundle.js, line 2: Failed to create WebGL context: WebGL creation failed: 
* Can't use WebGL in headless mode (https://bugzil.la/1375585).
JavaScript warning: https://roobet.com/vendors.f9476e7c492c88358ed7.bundle.js, line 2: WebGL warning: <Create>: Can't use WebGL in headless mode (https://bugzil.la/1375585).
JavaScript warning: https://roobet.com/vendors.f9476e7c492c88358ed7.bundle.js, line 2: Failed to create WebGL context: WebGL creation failed: 
* Can't use WebGL in headless mode (https://bugzil.la/1375585).
JavaScript warning: https://roobet.com/vendors.f9476e7c492c88358ed7.bundle.js, line 2: WebGL warning: <Create>: Can't use WebGL in headless mode (https://bugzil.la/1375585).
JavaScript warning: https://roobet.com/vendors.f9476e7c492c88358ed7.bundle.js, line 2: Failed to create WebGL context: WebGL creation failed: 
* Can't use WebGL in headless mode (https://bugzil.la/1375585).
Exiting due to channel error.
[GFX1-]: Receive IPC close with reason=AbnormalShutdown
Exiting due to channel error.
[GFX1-]: Receive IPC close with reason=AbnormalShutdown
Exiting due to channel error.
Exiting due to channel error.
Exiting due to channel error.
Exiting due to channel error.
1597005662477	geckodriver	INFO	Listening on 127.0.0.1:49839
1597005663499	mozrunner::runner	INFO	Running command: "/Applications/Firefox.app/Contents/MacOS/firefox-bin" "--marionette" "-headless" "-foreground" "-no-remote" "-profile" "/var/folders/cx/trrz9mdd5tn4r0kk37p38pj80000gn/T/rust_mozprofile2h7XHE"
*** You are running in headless mode.
console.error: SearchCache: "_readCacheFile: Error reading cache file:" (new Error("", "(unknown module)"))
1597005666533	Marionette	INFO	Listening on port 49851
1597005666642	Marionette	WARN	TLS certificate errors will be ignored for this session
1597005667524	Marionette	INFO	Stopped listening on port 49851
1597005694314	geckodriver	INFO	Listening on 127.0.0.1:49921
1597005694324	mozrunner::runner	INFO	Running command: "/Applications/Firefox.app/Contents/MacOS/firefox-bin" "--marionette" "-headless" "-foreground" "-no-remote" "-profile" "/var/folders/cx/trrz9mdd5tn4r0kk37p38pj80000gn/T/rust_mozprofilexXbdMK"
*** You are running in headless mode.
console.error: SearchCache: "_readCacheFile: Error reading cache file:" (new Error("", "(unknown module)"))
1597005696695	Marionette	INFO	Listening on port 49930
1597005696770	Marionette	WARN	TLS certificate errors will be ignored for this session
1597005697269	Marionette	INFO	Stopped listening on port 49930
1597005718838	geckodriver	INFO	Listening on 127.0.0.1:50002
1597005718850	mozrunner::runner	INFO	Running command: "/Applications/Firefox.app/Contents/MacOS/firefox-bin" "--marionette" "-headless" "-foreground" "-no-remote" "-profile" "/var/folders/cx/trrz9mdd5tn4r0kk37p38pj80000gn/T/rust_mozprofilerNr50l"
*** You are running in headless mode.
console.error: SearchCache: "_readCacheFile: Error reading cache file:" (new Error("", "(unknown module)"))
1597005721355	Marionette	INFO	Listening on port 50011
1597005721465	Marionette	WARN	TLS certificate errors will be ignored for this session
JavaScript warning: https://roobet.com/app.c6a0f5e771cd766177b8.bundle.js, line 1: WebGL warning: <Create>: Can't use WebGL in headless mode (https://bugzil.la/1375585).
JavaScript warning: https://roobet.com/app.c6a0f5e771cd766177b8.bundle.js, line 1: Failed to create WebGL context: WebGL creation failed: 
* Can't use WebGL in headless mode (https://bugzil.la/1375585).
JavaScript warning: https://roobet.com/app.c6a0f5e771cd766177b8.bundle.js, line 1: WebGL warning: <Create>: Can't use WebGL in headless mode (https://bugzil.la/1375585).
JavaScript warning: https://roobet.com/app.c6a0f5e771cd766177b8.bundle.js, line 1: Failed to create WebGL context: WebGL creation failed: 
* Can't use WebGL in headless mode (https://bugzil.la/1375585).
JavaScript warning: https://roobet.com/vendors.f9476e7c492c88358ed7.bundle.js, line 2: WebGL warning: <Create>: Can't use WebGL in headless mode (https://bugzil.la/1375585).
JavaScript warning: https://roobet.com/vendors.f9476e7c492c88358ed7.bundle.js, line 2: Failed to create WebGL context: WebGL creation failed: 
* Can't use WebGL in headless mode (https://bugzil.la/1375585).
JavaScript warning: https://roobet.com/vendors.f9476e7c492c88358ed7.bundle.js, line 2: WebGL warning: <Create>: Can't use WebGL in headless mode (https://bugzil.la/1375585).
JavaScript warning: https://roobet.com/vendors.f9476e7c492c88358ed7.bundle.js, line 2: Failed to create WebGL context: WebGL creation failed: 
* Can't use WebGL in headless mode (https://bugzil.la/1375585).
JavaScript error: resource://gre/modules/XULStore.jsm, line 66: Error: Can't find profile directory.
JavaScript error: resource://gre/modules/XULStore.jsm, line 66: Error: Can't find profile directory.
1597005725505	Marionette	INFO	Stopped listening on port 50011
IPDL protocol error: Handler returned error code!

###!!! [Parent][DispatchAsyncMessage] Error: PLayerTransaction::Msg_ReleaseLayer Processing error: message was deserialized, but the handler returned false (indicating failure)

IPDL protocol error: Handler returned error code!

###!!! [Parent][DispatchAsyncMessage] Error: PLayerTransaction::Msg_ReleaseLayer Processing error: message was deserialized, but the handler returned false (indicating failure)

1597005785556	geckodriver	INFO	Listening on 127.0.0.1:50121
1597005786572	mozrunner::runner	INFO	Running command: "/Applications/Firefox.app/Contents/MacOS/firefox-bin" "--marionette" "-headless" "-foreground" "-no-remote" "-profile" "/var/folders/cx/trrz9mdd5tn4r0kk37p38pj80000gn/T/rust_mozprofilejp7HF1"
*** You are running in headless mode.
console.error: SearchCache: "_readCacheFile: Error reading cache file:" (new Error("", "(unknown module)"))
1597005788952	Marionette	INFO	Listening on port 50132
1597005789025	Marionette	WARN	TLS certificate errors will be ignored for this session
JavaScript warning: https://roobet.com/app.c6a0f5e771cd766177b8.bundle.js, line 1: WebGL warning: <Create>: Can't use WebGL in headless mode (https://bugzil.la/1375585).
JavaScript warning: https://roobet.com/app.c6a0f5e771cd766177b8.bundle.js, line 1: Failed to create WebGL context: WebGL creation failed: 
* Can't use WebGL in headless mode (https://bugzil.la/1375585).
JavaScript warning: https://roobet.com/app.c6a0f5e771cd766177b8.bundle.js, line 1: WebGL warning: <Create>: Can't use WebGL in headless mode (https://bugzil.la/1375585).
JavaScript warning: https://roobet.com/app.c6a0f5e771cd766177b8.bundle.js, line 1: Failed to create WebGL context: WebGL creation failed: 
* Can't use WebGL in headless mode (https://bugzil.la/1375585).
JavaScript warning: https://roobet.com/vendors.f9476e7c492c88358ed7.bundle.js, line 2: WebGL warning: <Create>: Can't use WebGL in headless mode (https://bugzil.la/1375585).
JavaScript warning: https://roobet.com/vendors.f9476e7c492c88358ed7.bundle.js, line 2: Failed to create WebGL context: WebGL creation failed: 
* Can't use WebGL in headless mode (https://bugzil.la/1375585).
JavaScript warning: https://roobet.com/vendors.f9476e7c492c88358ed7.bundle.js, line 2: WebGL warning: <Create>: Can't use WebGL in headless mode (https://bugzil.la/1375585).
JavaScript warning: https://roobet.com/vendors.f9476e7c492c88358ed7.bundle.js, line 2: Failed to create WebGL context: WebGL creation failed: 
* Can't use WebGL in headless mode (https://bugzil.la/1375585).
JavaScript error: resource://gre/modules/XULStore.jsm, line 66: Error: Can't find profile directory.
JavaScript error: resource://gre/modules/XULStore.jsm, line 66: Error: Can't find profile directory.
JavaScript warning: https://roobet.com/vendors.f9476e7c492c88358ed7.bundle.js, line 2: WebGL warning: <Create>: Can't use WebGL in headless mode (https://bugzil.la/1375585).
JavaScript warning: https://roobet.com/vendors.f9476e7c492c88358ed7.bundle.js, line 2: Failed to create WebGL context: WebGL creation failed: 
* Can't use WebGL in headless mode (https://bugzil.la/1375585).
JavaScript warning: https://roobet.com/vendors.f9476e7c492c88358ed7.bundle.js, line 2: WebGL warning: <Create>: Can't use WebGL in headless mode (https://bugzil.la/1375585).
JavaScript warning: https://roobet.com/vendors.f9476e7c492c88358ed7.bundle.js, line 2: Failed to create WebGL context: WebGL creation failed: 
* Can't use WebGL in headless mode (https://bugzil.la/1375585).
JavaScript warning: https://roobet.com/vendors.f9476e7c492c88358ed7.bundle.js, line 2: WebGL warning: <Create>: Can't use WebGL in headless mode (https://bugzil.la/1375585).
JavaScript warning: https://roobet.com/vendors.f9476e7c492c88358ed7.bundle.js, line 2: Failed to create WebGL context: WebGL creation failed: 
* Can't use WebGL in headless mode (https://bugzil.la/1375585).
1597005817134	geckodriver	INFO	Listening on 127.0.0.1:50239
1597005818146	mozrunner::runner	INFO	Running command: "/Applications/Firefox.app/Contents/MacOS/firefox-bin" "--marionette" "-headless" "-foreground" "-no-remote" "-profile" "/var/folders/cx/trrz9mdd5tn4r0kk37p38pj80000gn/T/rust_mozprofileLVdLqY"
*** You are running in headless mode.
console.error: SearchCache: "_readCacheFile: Error reading cache file:" (new Error("", "(unknown module)"))
1597005821959	Marionette	INFO	Listening on port 50250
1597005822056	Marionette	WARN	TLS certificate errors will be ignored for this session
JavaScript warning: https://roobet.com/app.c6a0f5e771cd766177b8.bundle.js, line 1: WebGL warning: <Create>: Can't use WebGL in headless mode (https://bugzil.la/1375585).
JavaScript warning: https://roobet.com/app.c6a0f5e771cd766177b8.bundle.js, line 1: Failed to create WebGL context: WebGL creation failed: 
* Can't use WebGL in headless mode (https://bugzil.la/1375585).
JavaScript warning: https://roobet.com/app.c6a0f5e771cd766177b8.bundle.js, line 1: WebGL warning: <Create>: Can't use WebGL in headless mode (https://bugzil.la/1375585).
JavaScript warning: https://roobet.com/app.c6a0f5e771cd766177b8.bundle.js, line 1: Failed to create WebGL context: WebGL creation failed: 
* Can't use WebGL in headless mode (https://bugzil.la/1375585).
JavaScript warning: https://roobet.com/vendors.f9476e7c492c88358ed7.bundle.js, line 2: WebGL warning: <Create>: Can't use WebGL in headless mode (https://bugzil.la/1375585).
JavaScript warning: https://roobet.com/vendors.f9476e7c492c88358ed7.bundle.js, line 2: Failed to create WebGL context: WebGL creation failed: 
* Can't use WebGL in headless mode (https://bugzil.la/1375585).
JavaScript warning: https://roobet.com/vendors.f9476e7c492c88358ed7.bundle.js, line 2: WebGL warning: <Create>: Can't use WebGL in headless mode (https://bugzil.la/1375585).
JavaScript warning: https://roobet.com/vendors.f9476e7c492c88358ed7.bundle.js, line 2: Failed to create WebGL context: WebGL creation failed: 
* Can't use WebGL in headless mode (https://bugzil.la/1375585).
JavaScript error: resource://gre/modules/XULStore.jsm, line 66: Error: Can't find profile directory.
JavaScript error: resource://gre/modules/XULStore.jsm, line 66: Error: Can't find profile directory.
1597005825562	Marionette	INFO	Stopped listening on port 50250
IPDL protocol error: Handler returned error code!

###!!! [Parent][DispatchAsyncMessage] Error: PLayerTransaction::Msg_ReleaseLayer Processing error: message was deserialized, but the handler returned false (indicating failure)

IPDL protocol error: Handler returned error code!

###!!! [Parent][DispatchAsyncMessage] Error: PLayerTransaction::Msg_ReleaseLayer Processing error: message was deserialized, but the handler returned false (indicating failure)

IPDL protocol error: Handler returned error code!

###!!! [Parent][DispatchAsyncMessage] Error: PLayerTransaction::Msg_ReleaseLayer Processing error: message was deserialized, but the handler returned false (indicating failure)

IPDL protocol error: Handler returned error code!

###!!! [Parent][DispatchAsyncMessage] Error: PLayerTransaction::Msg_ReleaseLayer Processing error: message was deserialized, but the handler returned false (indicating failure)

IPDL protocol error: Handler returned error code!

###!!! [Parent][DispatchAsyncMessage] Error: PLayerTransaction::Msg_ReleaseLayer Processing error: message was deserialized, but the handler returned false (indicating failure)

IPDL protocol error: Handler returned error code!

###!!! [Parent][DispatchAsyncMessage] Error: PLayerTransaction::Msg_ReleaseLayer Processing error: message was deserialized, but the handler returned false (indicating failure)

IPDL protocol error: Handler returned error code!

###!!! [Parent][DispatchAsyncMessage] Error: PLayerTransaction::Msg_ReleaseLayer Processing error: message was deserialized, but the handler returned false (indicating failure)

IPDL protocol error: Handler returned error code!

###!!! [Parent][DispatchAsyncMessage] Error: PLayerTransaction::Msg_ReleaseLayer Processing error: message was deserialized, but the handler returned false (indicating failure)

IPDL protocol error: Handler returned error code!

###!!! [Parent][DispatchAsyncMessage] Error: PLayerTransaction::Msg_ReleaseLayer Processing error: message was deserialized, but the handler returned false (indicating failure)

IPDL protocol error: Handler returned error code!

###!!! [Parent][DispatchAsyncMessage] Error: PLayerTransaction::Msg_ReleaseLayer Processing error: message was deserialized, but the handler returned false (indicating failure)

IPDL protocol error: Handler returned error code!

###!!! [Parent][DispatchAsyncMessage] Error: PLayerTransaction::Msg_ReleaseLayer Processing error: message was deserialized, but the handler returned false (indicating failure)

IPDL protocol error: Handler returned error code!

###!!! [Parent][DispatchAsyncMessage] Error: PLayerTransaction::Msg_ReleaseLayer Processing error: message was deserialized, but the handler returned false (indicating failure)

IPDL protocol error: Handler returned error code!

###!!! [Parent][DispatchAsyncMessage] Error: PLayerTransaction::Msg_ReleaseLayer Processing error: message was deserialized, but the handler returned false (indicating failure)

IPDL protocol error: Handler returned error code!

###!!! [Parent][DispatchAsyncMessage] Error: PLayerTransaction::Msg_ReleaseLayer Processing error: message was deserialized, but the handler returned false (indicating failure)

IPDL protocol error: Handler returned error code!

###!!! [Parent][DispatchAsyncMessage] Error: PLayerTransaction::Msg_ReleaseLayer Processing error: message was deserialized, but the handler returned false (indicating failure)

IPDL protocol error: Handler returned error code!

###!!! [Parent][DispatchAsyncMessage] Error: PLayerTransaction::Msg_ReleaseLayer Processing error: message was deserialized, but the handler returned false (indicating failure)

IPDL protocol error: Handler returned error code!

###!!! [Parent][DispatchAsyncMessage] Error: PLayerTransaction::Msg_ReleaseLayer Processing error: message was deserialized, but the handler returned false (indicating failure)

IPDL protocol error: Handler returned error code!

###!!! [Parent][DispatchAsyncMessage] Error: PLayerTransaction::Msg_ReleaseLayer Processing error: message was deserialized, but the handler returned false (indicating failure)

IPDL protocol error: Handler returned error code!

###!!! [Parent][DispatchAsyncMessage] Error: PLayerTransaction::Msg_ReleaseLayer Processing error: message was deserialized, but the handler returned false (indicating failure)

IPDL protocol error: Handler returned error code!

###!!! [Parent][DispatchAsyncMessage] Error: PLayerTransaction::Msg_ReleaseLayer Processing error: message was deserialized, but the handler returned false (indicating failure)

IPDL protocol error: Handler returned error code!

###!!! [Parent][DispatchAsyncMessage] Error: PLayerTransaction::Msg_ReleaseLayer Processing error: message was deserialized, but the handler returned false (indicating failure)

IPDL protocol error: Handler returned error code!

###!!! [Parent][DispatchAsyncMessage] Error: PLayerTransaction::Msg_ReleaseLayer Processing error: message was deserialized, but the handler returned false (indicating failure)

IPDL protocol error: Handler returned error code!

###!!! [Parent][DispatchAsyncMessage] Error: PLayerTransaction::Msg_ReleaseLayer Processing error: message was deserialized, but the handler returned false (indicating failure)

IPDL protocol error: Handler returned error code!

###!!! [Parent][DispatchAsyncMessage] Error: PLayerTransaction::Msg_ReleaseLayer Processing error: message was deserialized, but the handler returned false (indicating failure)

1597005918185	geckodriver	INFO	Listening on 127.0.0.1:50367
1597005918200	mozrunner::runner	INFO	Running command: "/Applications/Firefox.app/Contents/MacOS/firefox-bin" "--marionette" "-headless" "-foreground" "-no-remote" "-profile" "/var/folders/cx/trrz9mdd5tn4r0kk37p38pj80000gn/T/rust_mozprofileDKrpS1"
*** You are running in headless mode.
console.error: SearchCache: "_readCacheFile: Error reading cache file:" (new Error("", "(unknown module)"))
1597005921614	Marionette	INFO	Listening on port 50376
1597005921682	Marionette	WARN	TLS certificate errors will be ignored for this session
JavaScript warning: https://roobet.com/app.c6a0f5e771cd766177b8.bundle.js, line 1: WebGL warning: <Create>: Can't use WebGL in headless mode (https://bugzil.la/1375585).
JavaScript warning: https://roobet.com/app.c6a0f5e771cd766177b8.bundle.js, line 1: Failed to create WebGL context: WebGL creation failed: 
* Can't use WebGL in headless mode (https://bugzil.la/1375585).
JavaScript warning: https://roobet.com/app.c6a0f5e771cd766177b8.bundle.js, line 1: WebGL warning: <Create>: Can't use WebGL in headless mode (https://bugzil.la/1375585).
JavaScript warning: https://roobet.com/app.c6a0f5e771cd766177b8.bundle.js, line 1: Failed to create WebGL context: WebGL creation failed: 
* Can't use WebGL in headless mode (https://bugzil.la/1375585).
JavaScript warning: https://roobet.com/vendors.f9476e7c492c88358ed7.bundle.js, line 2: WebGL warning: <Create>: Can't use WebGL in headless mode (https://bugzil.la/1375585).
JavaScript warning: https://roobet.com/vendors.f9476e7c492c88358ed7.bundle.js, line 2: Failed to create WebGL context: WebGL creation failed: 
* Can't use WebGL in headless mode (https://bugzil.la/1375585).
JavaScript warning: https://roobet.com/vendors.f9476e7c492c88358ed7.bundle.js, line 2: WebGL warning: <Create>: Can't use WebGL in headless mode (https://bugzil.la/1375585).
JavaScript warning: https://roobet.com/vendors.f9476e7c492c88358ed7.bundle.js, line 2: Failed to create WebGL context: WebGL creation failed: 
* Can't use WebGL in headless mode (https://bugzil.la/1375585).
JavaScript error: resource://gre/modules/XULStore.jsm, line 66: Error: Can't find profile directory.
JavaScript error: resource://gre/modules/XULStore.jsm, line 66: Error: Can't find profile directory.
1597005926377	Marionette	INFO	Stopped listening on port 50376
